==========================================
  Tests for the 3-say_my_name.py script
==========================================


Import module and function

  >>> say_my_name = __import__("3-say_my_name").say_my_name

Testings strings
================

  >>> say_my_name("John", "Smith")
  My name is John Smith

  >>> say_my_name("John")
  My name is John 

  >>> say_my_name("", "")
  My name is  

Testing incorrect values
========================

  >>> say_my_name(1, "Smith")
  Traceback (most recent call last):
  TypeError: first_name must be a string

  >>> say_my_name("John", 1)
  Traceback (most recent call last):
  TypeError: last_name must be a string

  >>> say_my_name(1, "Smith")
  Traceback (most recent call last):
  TypeError: first_name must be a string

  >>> say_my_name([1,2], "Smith")
  Traceback (most recent call last):
  TypeError: first_name must be a string

  >>> say_my_name()
  Traceback (most recent call last):
  TypeError: say_my_name() missing 1 required positional argument: "first_name"

